{"/home/user/outside/cup-of-joe/controller/auth/auth.controller.js": {"path":"/home/user/outside/cup-of-joe/controller/auth/auth.controller.js","statementMap":{"0":{"start":{"line":1,"column":12},"end":{"line":1,"column":35}},"1":{"start":{"line":3,"column":28},"end":{"line":3,"column":58}},"2":{"start":{"line":7,"column":4},"end":{"line":7,"column":33}},"3":{"start":{"line":8,"column":32},"end":{"line":8,"column":63}},"4":{"start":{"line":9,"column":13},"end":{"line":9,"column":40}},"5":{"start":{"line":11,"column":15},"end":{"line":46,"column":1}},"6":{"start":{"line":12,"column":30},"end":{"line":12,"column":38}},"7":{"start":{"line":13,"column":2},"end":{"line":45,"column":3}},"8":{"start":{"line":14,"column":20},"end":{"line":14,"column":59}},"9":{"start":{"line":15,"column":4},"end":{"line":15,"column":64}},"10":{"start":{"line":15,"column":18},"end":{"line":15,"column":64}},"11":{"start":{"line":16,"column":30},"end":{"line":16,"column":79}},"12":{"start":{"line":17,"column":4},"end":{"line":18,"column":64}},"13":{"start":{"line":18,"column":6},"end":{"line":18,"column":64}},"14":{"start":{"line":19,"column":18},"end":{"line":29,"column":5}},"15":{"start":{"line":31,"column":4},"end":{"line":42,"column":7}},"16":{"start":{"line":44,"column":4},"end":{"line":44,"column":21}},"17":{"start":{"line":48,"column":0},"end":{"line":50,"column":2}}},"fnMap":{"0":{"name":"(anonymous_0)","decl":{"start":{"line":11,"column":15},"end":{"line":11,"column":16}},"loc":{"start":{"line":11,"column":41},"end":{"line":46,"column":1}},"line":11}},"branchMap":{"0":{"loc":{"start":{"line":15,"column":4},"end":{"line":15,"column":64}},"type":"if","locations":[{"start":{"line":15,"column":4},"end":{"line":15,"column":64}},{"start":{},"end":{}}],"line":15},"1":{"loc":{"start":{"line":17,"column":4},"end":{"line":18,"column":64}},"type":"if","locations":[{"start":{"line":17,"column":4},"end":{"line":18,"column":64}},{"start":{},"end":{}}],"line":17}},"s":{"0":1,"1":1,"2":1,"3":1,"4":1,"5":1,"6":3,"7":3,"8":3,"9":3,"10":1,"11":2,"12":2,"13":1,"14":1,"15":1,"16":2,"17":1},"f":{"0":3},"b":{"0":[1,2],"1":[1,1]},"_coverageSchema":"1a1c01bbd47fc00a2c39e90264f33305004495a9","hash":"a3cc6bc90c3b01ebe798dd7a47e54dd90f196c54"}
,"/home/user/outside/cup-of-joe/controller/user/user.controller.js": {"path":"/home/user/outside/cup-of-joe/controller/user/user.controller.js","statementMap":{"0":{"start":{"line":1,"column":13},"end":{"line":1,"column":40}},"1":{"start":{"line":2,"column":32},"end":{"line":2,"column":63}},"2":{"start":{"line":3,"column":27},"end":{"line":3,"column":57}},"3":{"start":{"line":5,"column":15},"end":{"line":27,"column":1}},"4":{"start":{"line":6,"column":2},"end":{"line":26,"column":3}},"5":{"start":{"line":7,"column":66},"end":{"line":7,"column":74}},"6":{"start":{"line":8,"column":25},"end":{"line":8,"column":55}},"7":{"start":{"line":9,"column":20},"end":{"line":18,"column":6}},"8":{"start":{"line":20,"column":4},"end":{"line":23,"column":7}},"9":{"start":{"line":25,"column":4},"end":{"line":25,"column":21}},"10":{"start":{"line":29,"column":0},"end":{"line":31,"column":2}}},"fnMap":{"0":{"name":"(anonymous_0)","decl":{"start":{"line":5,"column":15},"end":{"line":5,"column":16}},"loc":{"start":{"line":5,"column":41},"end":{"line":27,"column":1}},"line":5}},"branchMap":{},"s":{"0":1,"1":1,"2":1,"3":1,"4":1,"5":1,"6":1,"7":1,"8":1,"9":0,"10":1},"f":{"0":1},"b":{},"_coverageSchema":"1a1c01bbd47fc00a2c39e90264f33305004495a9","hash":"3c7373d6aaa8bdbc737cb96b27aae9a1a7934e44"}
,"/home/user/outside/cup-of-joe/controller/userOrder/userOrder.controller.js": {"path":"/home/user/outside/cup-of-joe/controller/userOrder/userOrder.controller.js","statementMap":{"0":{"start":{"line":2,"column":18},"end":{"line":2,"column":50}},"1":{"start":{"line":3,"column":32},"end":{"line":3,"column":63}},"2":{"start":{"line":5,"column":31},"end":{"line":13,"column":1}},"3":{"start":{"line":6,"column":4},"end":{"line":12,"column":5}},"4":{"start":{"line":7,"column":25},"end":{"line":7,"column":35}},"5":{"start":{"line":8,"column":25},"end":{"line":8,"column":67}},"6":{"start":{"line":9,"column":6},"end":{"line":9,"column":59}},"7":{"start":{"line":11,"column":6},"end":{"line":11,"column":22}},"8":{"start":{"line":15,"column":16},"end":{"line":22,"column":1}},"9":{"start":{"line":16,"column":4},"end":{"line":21,"column":5}},"10":{"start":{"line":17,"column":25},"end":{"line":17,"column":55}},"11":{"start":{"line":18,"column":6},"end":{"line":18,"column":59}},"12":{"start":{"line":20,"column":6},"end":{"line":20,"column":22}},"13":{"start":{"line":24,"column":20},"end":{"line":34,"column":1}},"14":{"start":{"line":25,"column":4},"end":{"line":33,"column":5}},"15":{"start":{"line":26,"column":40},"end":{"line":26,"column":48}},"16":{"start":{"line":27,"column":6},"end":{"line":29,"column":9}},"17":{"start":{"line":30,"column":6},"end":{"line":30,"column":80}},"18":{"start":{"line":32,"column":6},"end":{"line":32,"column":22}},"19":{"start":{"line":36,"column":20},"end":{"line":46,"column":1}},"20":{"start":{"line":37,"column":4},"end":{"line":45,"column":5}},"21":{"start":{"line":38,"column":26},"end":{"line":38,"column":36}},"22":{"start":{"line":39,"column":25},"end":{"line":39,"column":33}},"23":{"start":{"line":40,"column":6},"end":{"line":40,"column":73}},"24":{"start":{"line":41,"column":6},"end":{"line":41,"column":80}},"25":{"start":{"line":44,"column":6},"end":{"line":44,"column":22}},"26":{"start":{"line":48,"column":0},"end":{"line":53,"column":1}}},"fnMap":{"0":{"name":"(anonymous_0)","decl":{"start":{"line":5,"column":31},"end":{"line":5,"column":32}},"loc":{"start":{"line":5,"column":51},"end":{"line":13,"column":1}},"line":5},"1":{"name":"(anonymous_1)","decl":{"start":{"line":15,"column":16},"end":{"line":15,"column":17}},"loc":{"start":{"line":15,"column":42},"end":{"line":22,"column":1}},"line":15},"2":{"name":"(anonymous_2)","decl":{"start":{"line":24,"column":20},"end":{"line":24,"column":21}},"loc":{"start":{"line":24,"column":46},"end":{"line":34,"column":1}},"line":24},"3":{"name":"(anonymous_3)","decl":{"start":{"line":36,"column":20},"end":{"line":36,"column":21}},"loc":{"start":{"line":36,"column":46},"end":{"line":46,"column":1}},"line":36}},"branchMap":{},"s":{"0":1,"1":1,"2":1,"3":1,"4":1,"5":1,"6":1,"7":0,"8":1,"9":1,"10":1,"11":1,"12":0,"13":1,"14":1,"15":1,"16":1,"17":1,"18":0,"19":1,"20":1,"21":1,"22":1,"23":1,"24":1,"25":0,"26":1},"f":{"0":1,"1":1,"2":1,"3":1},"b":{},"_coverageSchema":"1a1c01bbd47fc00a2c39e90264f33305004495a9","hash":"4d52164e0e0533262fa106b77bea88092b781b3e"}
,"/home/user/outside/cup-of-joe/model/user.js": {"path":"/home/user/outside/cup-of-joe/model/user.js","statementMap":{"0":{"start":{"line":1,"column":13},"end":{"line":1,"column":39}},"1":{"start":{"line":2,"column":19},"end":{"line":2,"column":38}},"2":{"start":{"line":4,"column":14},"end":{"line":4,"column":30}},"3":{"start":{"line":6,"column":0},"end":{"line":14,"column":2}}},"fnMap":{},"branchMap":{},"s":{"0":2,"1":2,"2":2,"3":2},"f":{},"b":{},"_coverageSchema":"1a1c01bbd47fc00a2c39e90264f33305004495a9","hash":"0da30a1b87ab2d89488c992c9c811156a3336bf5"}
,"/home/user/outside/cup-of-joe/model/userOrder.js": {"path":"/home/user/outside/cup-of-joe/model/userOrder.js","statementMap":{"0":{"start":{"line":1,"column":18},"end":{"line":1,"column":49}},"1":{"start":{"line":2,"column":19},"end":{"line":2,"column":38}},"2":{"start":{"line":4,"column":14},"end":{"line":4,"column":35}},"3":{"start":{"line":6,"column":21},"end":{"line":8,"column":1}},"4":{"start":{"line":7,"column":2},"end":{"line":7,"column":45}},"5":{"start":{"line":10,"column":0},"end":{"line":19,"column":2}}},"fnMap":{"0":{"name":"(anonymous_0)","decl":{"start":{"line":6,"column":21},"end":{"line":6,"column":22}},"loc":{"start":{"line":6,"column":33},"end":{"line":8,"column":1}},"line":6}},"branchMap":{},"s":{"0":1,"1":1,"2":1,"3":1,"4":0,"5":1},"f":{"0":0},"b":{},"_coverageSchema":"1a1c01bbd47fc00a2c39e90264f33305004495a9","hash":"26fe3162d94dc0613186c6b171264b81572cfb13"}
,"/home/user/outside/cup-of-joe/model/helper/index.js": {"path":"/home/user/outside/cup-of-joe/model/helper/index.js","statementMap":{"0":{"start":{"line":1,"column":15},"end":{"line":31,"column":2}},"1":{"start":{"line":1,"column":25},"end":{"line":31,"column":1}},"2":{"start":{"line":3,"column":4},"end":{"line":3,"column":79}},"3":{"start":{"line":6,"column":4},"end":{"line":6,"column":63}},"4":{"start":{"line":9,"column":4},"end":{"line":9,"column":38}},"5":{"start":{"line":12,"column":4},"end":{"line":12,"column":42}},"6":{"start":{"line":15,"column":4},"end":{"line":15,"column":42}},"7":{"start":{"line":19,"column":4},"end":{"line":19,"column":43}},"8":{"start":{"line":23,"column":4},"end":{"line":23,"column":56}},"9":{"start":{"line":28,"column":4},"end":{"line":28,"column":57}},"10":{"start":{"line":33,"column":0},"end":{"line":33,"column":24}}},"fnMap":{"0":{"name":"(anonymous_0)","decl":{"start":{"line":1,"column":15},"end":{"line":1,"column":16}},"loc":{"start":{"line":1,"column":25},"end":{"line":31,"column":1}},"line":1},"1":{"name":"(anonymous_1)","decl":{"start":{"line":2,"column":8},"end":{"line":2,"column":9}},"loc":{"start":{"line":2,"column":27},"end":{"line":4,"column":3}},"line":2},"2":{"name":"(anonymous_2)","decl":{"start":{"line":5,"column":11},"end":{"line":5,"column":12}},"loc":{"start":{"line":5,"column":30},"end":{"line":7,"column":3}},"line":5},"3":{"name":"(anonymous_3)","decl":{"start":{"line":8,"column":10},"end":{"line":8,"column":11}},"loc":{"start":{"line":8,"column":29},"end":{"line":10,"column":3}},"line":8},"4":{"name":"(anonymous_4)","decl":{"start":{"line":11,"column":14},"end":{"line":11,"column":15}},"loc":{"start":{"line":11,"column":33},"end":{"line":13,"column":3}},"line":11},"5":{"name":"(anonymous_5)","decl":{"start":{"line":14,"column":13},"end":{"line":14,"column":14}},"loc":{"start":{"line":14,"column":32},"end":{"line":16,"column":3}},"line":14},"6":{"name":"(anonymous_6)","decl":{"start":{"line":18,"column":14},"end":{"line":18,"column":15}},"loc":{"start":{"line":18,"column":33},"end":{"line":20,"column":3}},"line":18},"7":{"name":"(anonymous_7)","decl":{"start":{"line":22,"column":10},"end":{"line":22,"column":11}},"loc":{"start":{"line":22,"column":29},"end":{"line":24,"column":3}},"line":22},"8":{"name":"(anonymous_8)","decl":{"start":{"line":27,"column":14},"end":{"line":27,"column":15}},"loc":{"start":{"line":27,"column":33},"end":{"line":30,"column":3}},"line":27}},"branchMap":{},"s":{"0":3,"1":3,"2":0,"3":0,"4":0,"5":0,"6":0,"7":0,"8":0,"9":0,"10":3},"f":{"0":3,"1":0,"2":0,"3":0,"4":0,"5":0,"6":0,"7":0,"8":0},"b":{},"_coverageSchema":"1a1c01bbd47fc00a2c39e90264f33305004495a9","hash":"47b3edffe589141b082e730bf8f6cffcbca31b08"}
,"/home/user/outside/cup-of-joe/schemas/user.js": {"path":"/home/user/outside/cup-of-joe/schemas/user.js","statementMap":{"0":{"start":{"line":1,"column":17},"end":{"line":1,"column":36}},"1":{"start":{"line":2,"column":23},"end":{"line":2,"column":38}},"2":{"start":{"line":3,"column":19},"end":{"line":14,"column":21}},"3":{"start":{"line":16,"column":13},"end":{"line":16,"column":47}},"4":{"start":{"line":18,"column":0},"end":{"line":18,"column":22}}},"fnMap":{},"branchMap":{},"s":{"0":3,"1":3,"2":3,"3":3,"4":3},"f":{},"b":{},"_coverageSchema":"1a1c01bbd47fc00a2c39e90264f33305004495a9","hash":"9f2141e2b02e31afb4418eea856b8c484ed2e9e4"}
,"/home/user/outside/cup-of-joe/schemas/userOrder.js": {"path":"/home/user/outside/cup-of-joe/schemas/userOrder.js","statementMap":{"0":{"start":{"line":1,"column":17},"end":{"line":1,"column":36}},"1":{"start":{"line":2,"column":19},"end":{"line":2,"column":38}},"2":{"start":{"line":4,"column":13},"end":{"line":4,"column":30}},"3":{"start":{"line":5,"column":24},"end":{"line":23,"column":1}},"4":{"start":{"line":25,"column":18},"end":{"line":25,"column":62}},"5":{"start":{"line":27,"column":0},"end":{"line":27,"column":27}}},"fnMap":{},"branchMap":{},"s":{"0":1,"1":1,"2":1,"3":1,"4":1,"5":1},"f":{},"b":{},"_coverageSchema":"1a1c01bbd47fc00a2c39e90264f33305004495a9","hash":"01b40361cac9585db234863f43efbe48fef50588"}
,"/home/user/outside/cup-of-joe/utils/errors/badRequest.js": {"path":"/home/user/outside/cup-of-joe/utils/errors/badRequest.js","statementMap":{"0":{"start":{"line":1,"column":20},"end":{"line":1,"column":44}},"1":{"start":{"line":5,"column":8},"end":{"line":5,"column":40}},"2":{"start":{"line":6,"column":8},"end":{"line":6,"column":30}},"3":{"start":{"line":10,"column":0},"end":{"line":10,"column":33}}},"fnMap":{"0":{"name":"(anonymous_0)","decl":{"start":{"line":4,"column":4},"end":{"line":4,"column":5}},"loc":{"start":{"line":4,"column":25},"end":{"line":7,"column":5}},"line":4}},"branchMap":{"0":{"loc":{"start":{"line":5,"column":14},"end":{"line":5,"column":38}},"type":"binary-expr","locations":[{"start":{"line":5,"column":14},"end":{"line":5,"column":21}},{"start":{"line":5,"column":25},"end":{"line":5,"column":38}}],"line":5}},"s":{"0":1,"1":0,"2":0,"3":1},"f":{"0":0},"b":{"0":[0,0]},"_coverageSchema":"1a1c01bbd47fc00a2c39e90264f33305004495a9","hash":"26084e62d81798cf21e1380902133c0fac70c74c"}
,"/home/user/outside/cup-of-joe/utils/errors/customError.js": {"path":"/home/user/outside/cup-of-joe/utils/errors/customError.js","statementMap":{"0":{"start":{"line":3,"column":8},"end":{"line":3,"column":23}},"1":{"start":{"line":7,"column":0},"end":{"line":7,"column":29}}},"fnMap":{"0":{"name":"(anonymous_0)","decl":{"start":{"line":2,"column":4},"end":{"line":2,"column":5}},"loc":{"start":{"line":2,"column":30},"end":{"line":4,"column":5}},"line":2}},"branchMap":{"0":{"loc":{"start":{"line":2,"column":16},"end":{"line":2,"column":28}},"type":"default-arg","locations":[{"start":{"line":2,"column":26},"end":{"line":2,"column":28}}],"line":2}},"s":{"0":4,"1":1},"f":{"0":4},"b":{"0":[0]},"_coverageSchema":"1a1c01bbd47fc00a2c39e90264f33305004495a9","hash":"62cfcceb4d13a26294c7000724f0d86eaecbcc8d"}
,"/home/user/outside/cup-of-joe/utils/errors/index.js": {"path":"/home/user/outside/cup-of-joe/utils/errors/index.js","statementMap":{"0":{"start":{"line":1,"column":20},"end":{"line":1,"column":44}},"1":{"start":{"line":2,"column":24},"end":{"line":2,"column":47}},"2":{"start":{"line":3,"column":22},"end":{"line":3,"column":43}},"3":{"start":{"line":4,"column":36},"end":{"line":4,"column":64}},"4":{"start":{"line":5,"column":33},"end":{"line":5,"column":58}},"5":{"start":{"line":7,"column":0},"end":{"line":13,"column":1}}},"fnMap":{},"branchMap":{},"s":{"0":1,"1":1,"2":1,"3":1,"4":1,"5":1},"f":{},"b":{},"_coverageSchema":"1a1c01bbd47fc00a2c39e90264f33305004495a9","hash":"fb6fd170864ff89a5d287b8d10cb19b847b26818"}
,"/home/user/outside/cup-of-joe/utils/errors/notFound.js": {"path":"/home/user/outside/cup-of-joe/utils/errors/notFound.js","statementMap":{"0":{"start":{"line":1,"column":20},"end":{"line":1,"column":44}},"1":{"start":{"line":5,"column":8},"end":{"line":5,"column":38}},"2":{"start":{"line":6,"column":8},"end":{"line":6,"column":30}},"3":{"start":{"line":10,"column":0},"end":{"line":10,"column":31}}},"fnMap":{"0":{"name":"(anonymous_0)","decl":{"start":{"line":4,"column":4},"end":{"line":4,"column":5}},"loc":{"start":{"line":4,"column":25},"end":{"line":7,"column":5}},"line":4}},"branchMap":{"0":{"loc":{"start":{"line":5,"column":14},"end":{"line":5,"column":36}},"type":"binary-expr","locations":[{"start":{"line":5,"column":14},"end":{"line":5,"column":21}},{"start":{"line":5,"column":25},"end":{"line":5,"column":36}}],"line":5}},"s":{"0":1,"1":2,"2":2,"3":1},"f":{"0":2},"b":{"0":[2,0]},"_coverageSchema":"1a1c01bbd47fc00a2c39e90264f33305004495a9","hash":"2a585c79ea34e1cfd7540bd78e023eb2fd03883f"}
,"/home/user/outside/cup-of-joe/utils/errors/unAuthenticated.js": {"path":"/home/user/outside/cup-of-joe/utils/errors/unAuthenticated.js","statementMap":{"0":{"start":{"line":1,"column":20},"end":{"line":1,"column":44}},"1":{"start":{"line":5,"column":8},"end":{"line":5,"column":44}},"2":{"start":{"line":6,"column":8},"end":{"line":6,"column":30}},"3":{"start":{"line":10,"column":0},"end":{"line":10,"column":45}}},"fnMap":{"0":{"name":"(anonymous_0)","decl":{"start":{"line":4,"column":4},"end":{"line":4,"column":5}},"loc":{"start":{"line":4,"column":25},"end":{"line":7,"column":5}},"line":4}},"branchMap":{"0":{"loc":{"start":{"line":5,"column":14},"end":{"line":5,"column":42}},"type":"binary-expr","locations":[{"start":{"line":5,"column":14},"end":{"line":5,"column":21}},{"start":{"line":5,"column":25},"end":{"line":5,"column":42}}],"line":5}},"s":{"0":1,"1":0,"2":0,"3":1},"f":{"0":0},"b":{"0":[0,0]},"_coverageSchema":"1a1c01bbd47fc00a2c39e90264f33305004495a9","hash":"7ed29ccce587d6b1fdb8f5138bb9abe85134a28e"}
,"/home/user/outside/cup-of-joe/utils/errors/unAuthorized.js": {"path":"/home/user/outside/cup-of-joe/utils/errors/unAuthorized.js","statementMap":{"0":{"start":{"line":1,"column":20},"end":{"line":1,"column":44}},"1":{"start":{"line":5,"column":8},"end":{"line":5,"column":41}},"2":{"start":{"line":6,"column":8},"end":{"line":6,"column":30}},"3":{"start":{"line":10,"column":0},"end":{"line":10,"column":42}}},"fnMap":{"0":{"name":"(anonymous_0)","decl":{"start":{"line":4,"column":4},"end":{"line":4,"column":5}},"loc":{"start":{"line":4,"column":25},"end":{"line":7,"column":5}},"line":4}},"branchMap":{"0":{"loc":{"start":{"line":5,"column":14},"end":{"line":5,"column":39}},"type":"binary-expr","locations":[{"start":{"line":5,"column":14},"end":{"line":5,"column":21}},{"start":{"line":5,"column":25},"end":{"line":5,"column":39}}],"line":5}},"s":{"0":1,"1":2,"2":2,"3":1},"f":{"0":2},"b":{"0":[2,0]},"_coverageSchema":"1a1c01bbd47fc00a2c39e90264f33305004495a9","hash":"589b41e5a8d89207e1bc319593de6a2ab2f874b2"}
}
